<?xml version="1.0" encoding="UTF-8"?>
<testsuite xmlns:xsi="http://www.w3.org/2001/XMLSchema-instance" xsi:noNamespaceSchemaLocation="https://maven.apache.org/surefire/maven-surefire-plugin/xsd/surefire-test-report.xsd" version="3.0.1" name="runner.TestRunner" time="97.41" tests="1" errors="0" skipped="0" failures="0">
  <properties>
[...]
</properties>
  <testcase name="runScenario[&quot;Browse and Compare Window ACs and Check Availability&quot;, &quot;Flipkart e2e Automation Flow&quot;](1)" classname="runner.TestRunner" time="95.629">
    <system-out><![CDATA[
Scenario: Browse and Compare Window ACs and Check Availability                                   &amp#27;[90m# src/test/resources/features/flipkart_e2e.feature:3&amp#27;[0m
Signout pop up was not visible or clickable within the timeout.
  &amp#27;[32mGiven &amp#27;[0m&amp#27;[32mI launch the browser and open Google&amp#27;[0m                                                     &amp#27;[90m# stepDefinitions.FlipkartSteps.i_launch_the_browser_and_open_google()&amp#27;[0m
  &amp#27;[32mWhen &amp#27;[0m&amp#27;[32mI type &amp#27;[0m&amp#27;[32m&amp#27;[1m'Flipkart'&amp#27;[0m&amp#27;[32m in the Google search field&amp#27;[0m                                              &amp#27;[90m# stepDefinitions.FlipkartSteps.i_type_in_the_google_search_field(java.lang.String)&amp#27;[0m
--- Google Search Suggestions for 'Flipkart' ---
Flipkart
flipkart customer care number
flipkart seller
flipkart shopping
flipkart customer care
flipkart sale
flipkart login
flipkart india
flipkart customer care number surat
flipkart customer care number vadodara
  &amp#27;[32mThen &amp#27;[0m&amp#27;[32mI print all the suggestions displayed in the google search field&amp#27;[0m                          &amp#27;[90m# stepDefinitions.FlipkartSteps.i_print_all_the_suggestions_displayed_in_the_google_search_field()&amp#27;[0m
  &amp#27;[32mAnd &amp#27;[0m&amp#27;[32mI hit Enter&amp#27;[0m                                                                                &amp#27;[90m# stepDefinitions.FlipkartSteps.i_hit_enter()&amp#27;[0m
  &amp#27;[32mThen &amp#27;[0m&amp#27;[32mI print all the search results displayed in the console&amp#27;[0m                                   &amp#27;[90m# stepDefinitions.FlipkartSteps.i_print_all_the_search_results_displayed_in_the_console()&amp#27;[0m
  &amp#27;[32mWhen &amp#27;[0m&amp#27;[32mI click on the first link&amp#27;[0m                                                                 &amp#27;[90m# stepDefinitions.FlipkartSteps.i_click_on_the_first_link()&amp#27;[0m
  &amp#27;[32mThen &amp#27;[0m&amp#27;[32mFlipkart website should get opened up&amp#27;[0m                                                     &amp#27;[90m# stepDefinitions.FlipkartSteps.flipkart_website_should_get_opened_up()&amp#27;[0m
Login popup not displayed or could not be closed.
  &amp#27;[32mAnd &amp#27;[0m&amp#27;[32mI close the login popup (If available)&amp#27;[0m                                                     &amp#27;[90m# stepDefinitions.FlipkartSteps.i_close_the_login_popup_if_available()&amp#27;[0m
  &amp#27;[32mWhen &amp#27;[0m&amp#27;[32mI click on 'Appliances'&amp#27;[0m                                                                   &amp#27;[90m# stepDefinitions.FlipkartSteps.i_click_on()&amp#27;[0m
Appliacne link is not available on flipkart homepage
  &amp#27;[32mAnd &amp#27;[0m&amp#27;[32mI hover over 'TV & Appliances'&amp#27;[0m                                                             &amp#27;[90m# stepDefinitions.FlipkartSteps.i_hover_over()&amp#27;[0m
  &amp#27;[32mAnd &amp#27;[0m&amp#27;[32mI click on 'Window ACs'&amp#27;[0m                                                                    &amp#27;[90m# stepDefinitions.FlipkartSteps.I_click_on_Window_ACs()&amp#27;[0m
  &amp#27;[32mThen &amp#27;[0m&amp#27;[32mwindow ACs list is displayed&amp#27;[0m                                                              &amp#27;[90m# stepDefinitions.FlipkartSteps.window_a_cs_list_is_displayed()&amp#27;[0m
  &amp#27;[32mWhen &amp#27;[0m&amp#27;[32mI click on 'Add to Compare' checkbox for the 2nd product displayed&amp#27;[0m                        &amp#27;[90m# stepDefinitions.FlipkartSteps.i_click_on_checkbox_for_the_2nd_product_displayed()&amp#27;[0m
  &amp#27;[32mAnd &amp#27;[0m&amp#27;[32mI click on 'Add to Compare' checkbox for the 5th product displayed&amp#27;[0m                         &amp#27;[90m# stepDefinitions.FlipkartSteps.i_click_on_checkbox_for_the_5th_product_displayed()&amp#27;[0m
  &amp#27;[32mAnd &amp#27;[0m&amp#27;[32mI click on 'Add to Compare' checkbox for the 7th product displayed&amp#27;[0m                         &amp#27;[90m# stepDefinitions.FlipkartSteps.i_click_on_checkbox_for_the_7th_product_displayed()&amp#27;[0m
  &amp#27;[32mAnd &amp#27;[0m&amp#27;[32mI click on 'Add to Compare' checkbox for the 8th product displayed&amp#27;[0m                         &amp#27;[90m# stepDefinitions.FlipkartSteps.i_click_on_checkbox_for_the_8th_product_displayed()&amp#27;[0m
  &amp#27;[32mAnd &amp#27;[0m&amp#27;[32mI click on 'Add to Compare' checkbox for the 9th product displayed&amp#27;[0m                         &amp#27;[90m# stepDefinitions.FlipkartSteps.i_click_on_checkbox_for_the_9th_product_displayed()&amp#27;[0m
You have already selected 4 products
  &amp#27;[32mThen &amp#27;[0m&amp#27;[32mI print the message displayed on addition of the 9th product&amp#27;[0m                              &amp#27;[90m# stepDefinitions.FlipkartSteps.i_print_the_message_displayed_on_addition_of_the_9th_product()&amp#27;[0m
  &amp#27;[32mWhen &amp#27;[0m&amp#27;[32mI click on Compare&amp#27;[0m                                                                        &amp#27;[90m# stepDefinitions.FlipkartSteps.i_click_on_compare()&amp#27;[0m

--- Products on Compare Page ---
1: SAMSUNG 2025 Model Windfree Technology,Bespoke AI, 5 Step Convertible 1.5 Ton 3 Star Split Inverter with Powerful cooling & Energy saving, 120% expandable AC with Wi-fi Connect - White, Price: ₹41,490
2: IFB 2025 Model Silver Plus Series 1.5 Ton 5 Star Split Inverter with HD Compressor, AI, Dual Gold Fin, Nano Tek Coating & 8-in-1 Flexi Mode AC - White, Price: ₹38,990
3: Panasonic 2025 Model 1.5 Ton 5 Star Split Inverter AC with Wi-fi Connect - White, Price: ₹43,990
4: CARRIER 2025 Model 6 in 1 Convertible 1 Ton 3 Star Split Inverter AC with Wi-fi Connect - White, Price: ₹31,990
  &amp#27;[32mThen &amp#27;[0m&amp#27;[32mI print Name and Price of all products in console&amp#27;[0m                                         &amp#27;[90m# stepDefinitions.FlipkartSteps.i_print_name_and_price_of_all_products_in_console()&amp#27;[0m
adding product for --> 1
Navigated to Place Order. Navigating back...
Finished adding products to cart...
adding product for --> 2
Navigated to Place Order. Navigating back...
Finished adding products to cart...
adding product for --> 3
Navigated to Place Order. Navigating back...
Finished adding products to cart...
adding product for --> 4
Navigated to Place Order. Navigating back...
Finished adding products to cart...
  &amp#27;[32mWhen &amp#27;[0m&amp#27;[32mI add the 1st, 2nd, 3rd, and 4th products to cart&amp#27;[0m                                         &amp#27;[90m# stepDefinitions.FlipkartSteps.i_add_the_1st_2nd_3rd_and_4th_products_to_cart()&amp#27;[0m
Current URL: https://www.flipkart.com/air_conditioner_new/compare?ids=ACNH7SAPYKWRQPK9,ACNH89DZFTRPZDSG,ACNH8EYXHDFAREWW,ACNH8NPZHAFYQK3K&otracker=compare_product_4
Cart button is displayed and enabled: true - true
Tag name of cart button: a
Cart button clicked successfully using WebDriverWait.
  &amp#27;[32mAnd &amp#27;[0m&amp#27;[32mI go to the cart&amp#27;[0m                                                                           &amp#27;[90m# stepDefinitions.FlipkartSteps.i_go_to_the_cart()&amp#27;[0m
  &amp#27;[32mAnd &amp#27;[0m&amp#27;[32mI add my area Pincode&amp#27;[0m                                                                      &amp#27;[90m# stepDefinitions.FlipkartSteps.i_add_my_area_pincode()&amp#27;[0m
  &amp#27;[32mAnd &amp#27;[0m&amp#27;[32mI check the availability of the product in the console&amp#27;[0m                                     &amp#27;[90m# stepDefinitions.FlipkartSteps.i_check_the_availability_of_the_product_in_the_console()&amp#27;[0m
Pin code is valid so products are available
  &amp#27;[32mWhen &amp#27;[0m&amp#27;[32mthe product is not available&amp#27;[0m                                                              &amp#27;[90m# stepDefinitions.FlipkartSteps.the_product_is_not_available()&amp#27;[0m
No need to change the pincode
  &amp#27;[32mAnd &amp#27;[0m&amp#27;[32mI change the pincode to a valid pincode&amp#27;[0m                                                    &amp#27;[90m# stepDefinitions.FlipkartSteps.i_change_the_pincode_to_a_valid_pincode()&amp#27;[0m
Available product names : CARRIER 2025 Model 6 in 1 Convertible 1 Ton 3 Star Split Inverter AC with Wi-fi Connect - White
CAI12EE3R35W0, Copper Condenser
Available product names : Panasonic 2025 Model 1.5 Ton 5 Star Split Inverter AC with Wi-fi Connect - White
CS-NU18AKY5WX/CU-NU18AKY5WX, Copper Condenser
Available product names : IFB 2025 Model Silver Plus Series 1.5 Ton 5 Star Split Inverter with HD Compressor, AI, Dual Gold Fin, Nano Tek Coating & 8-in-1 Flexi Mode AC - White
CI185SL22RGN1, Copper Condenser
Available product names : SAMSUNG 2025 Model Windfree Technology,Bespoke AI, 5 Step Convertible 1.5 Ton 3 Star Split Inverter with Powerful cooling & Energy saving, 120% expandable AC with Wi-fi Connect - White
AR60F19D1XWXNA,//AR60F19D1XWNNA, Copper Condenser
  &amp#27;[32mThen &amp#27;[0m&amp#27;[32mI print the message displayed for the availability/delivery of the product in the console&amp#27;[0m &amp#27;[90m# stepDefinitions.FlipkartSteps.i_print_the_message_displayed_for_the_availability_delivery_of_the_product_in_the_console()&amp#27;[0m
  &amp#27;[32mAnd &amp#27;[0m&amp#27;[32mI close the browser&amp#27;[0m                                                                        &amp#27;[90m# stepDefinitions.FlipkartSteps.i_close_the_browser()&amp#27;[0m
]]></system-out>
    <system-err><![CDATA[SLF4J: Failed to load class "org.slf4j.impl.StaticLoggerBinder".
SLF4J: Defaulting to no-operation (NOP) logger implementation
SLF4J: See http://www.slf4j.org/codes.html#StaticLoggerBinder for further details.
May 03, 2025 8:26:22 PM org.openqa.selenium.devtools.CdpVersionFinder findNearestMatch
WARNING: Unable to find CDP implementation matching 135
May 03, 2025 8:26:22 PM org.openqa.selenium.chromium.ChromiumDriver lambda$new$5
WARNING: Unable to find version of CDP to use for 135.0.7049.116. You may need to include a dependency on a specific version of the CDP using something similar to `org.seleniumhq.selenium:selenium-devtools-v86:4.16.0` where the version ("v86") matches the version of the chromium-based browser you're using and the version number of the artifact is the same as Selenium's.
]]></system-err>
  </testcase>
</testsuite>