<?xml version="1.0" encoding="UTF-8"?>
<testng-results ignored="0" total="1" passed="1" failed="0" skipped="0">
  <reporter-output>
  </reporter-output>
  <suite started-at="2025-05-03T22:43:21 IST" name="Default suite" finished-at="2025-05-03T22:44:30 IST" duration-ms="68263">
    <groups>
      <group name="cucumber">
        <method signature="AbstractTestNGCucumberTests.runScenario(io.cucumber.testng.PickleWrapper,io.cucumber.testng.FeatureWrapper)[pri:0, instance:runner.TestRunner@19932c16]" name="runScenario" class="io.cucumber.testng.AbstractTestNGCucumberTests"/>
      </group> <!-- cucumber -->
    </groups>
    <test started-at="2025-05-03T22:43:21 IST" name="Default test" finished-at="2025-05-03T22:44:30 IST" duration-ms="68263">
      <class name="runner.TestRunner">
        <test-method is-config="true" signature="setUpClass(org.testng.ITestContext)[pri:0, instance:runner.TestRunner@19932c16]" started-at="2025-05-03T22:43:21 IST" name="setUpClass" finished-at="2025-05-03T22:43:22 IST" duration-ms="909" status="PASS">
          <params>
            <param index="0">
              <value>
                <![CDATA[org.testng.TestRunner@7f8a9454]]>
              </value>
            </param>
          </params>
          <reporter-output>
          </reporter-output>
        </test-method> <!-- setUpClass -->
        <test-method signature="runScenario(io.cucumber.testng.PickleWrapper,io.cucumber.testng.FeatureWrapper)[pri:0, instance:runner.TestRunner@19932c16]" started-at="2025-05-03T22:43:22 IST" name="runScenario" description="Runs Cucumber Scenarios" data-provider="scenarios" finished-at="2025-05-03T22:44:29 IST" duration-ms="67182" status="PASS">
          <params>
            <param index="0">
              <value>
                <![CDATA["Browse and Compare Window ACs and Check Availability"]]>
              </value>
            </param>
            <param index="1">
              <value>
                <![CDATA["Flipkart e2e Automation Flow"]]>
              </value>
            </param>
          </params>
          <reporter-output>
          </reporter-output>
        </test-method> <!-- runScenario -->
        <test-method is-config="true" signature="tearDownClass()[pri:0, instance:runner.TestRunner@19932c16]" started-at="2025-05-03T22:44:29 IST" name="tearDownClass" finished-at="2025-05-03T22:44:30 IST" duration-ms="106" status="PASS">
          <reporter-output>
          </reporter-output>
        </test-method> <!-- tearDownClass -->
      </class> <!-- runner.TestRunner -->
    </test> <!-- Default test -->
  </suite> <!-- Default suite -->
</testng-results>
